[18:05:24] [INIT] KubeJS 2001.6.5-build.14; MC 2001 forge
[18:05:24] [INIT] Loaded plugins:
[18:05:24] [INIT] - dev.latvian.mods.kubejs.forge.BuiltinKubeJSForgePlugin
[18:05:24] [INIT] - dev.latvian.mods.kubejs.forge.BuiltinKubeJSForgeClientPlugin
[18:05:24] [INIT] - com.lowdragmc.lowdraglib.kjs.LDLibKubeJSPlugin
[18:05:24] [INIT] - io.github.mortuusars.exposure.integration.kubejs.ExposureJSPlugin
[18:05:24] [INIT] - su.terrafirmagreg.core.compat.kjs.TFGKubeJSPlugin
[18:05:24] [INIT] - dev.ftb.mods.ftbxmodcompat.ftbquests.kubejs.KubeJSIntegration
[18:05:24] [INIT] - dev.ftb.mods.ftbxmodcompat.ftbteams.kubejs.FTBTeamsKubeJSPlugin
[18:05:24] [INIT] - dev.ftb.mods.ftbxmodcompat.ftbfiltersystem.kubejs.FFSKubeJSPlugin
[18:05:24] [INIT] - com.almostreliable.lootjs.kube.LootJSPlugin
[18:05:24] [INIT] - com.blakebr0.cucumber.compat.kubejs.CucumberKubeJSPlugin
[18:05:24] [INIT] - com.gregtechceu.gtceu.integration.kjs.GregTechKubeJSPlugin
[18:05:24] [INIT] - argent_matter.gcyr.integration.kjs.GCyRKubeJSPlugin
[18:05:24] [INIT] - com.notenoughmail.kubejs_tfc.KubeJSTFCPlugin
[18:05:24] [INIT] - com.notenoughmail.kubejs_tfc.addons.firmalife.FirmaLifePlugin
[18:05:24] [INIT] - com.notenoughmail.kubejs_tfc.addons.tfccc.TFCCCPlugin
[18:05:24] [INIT] - dev.latvian.mods.kubejs.create.KubeJSCreatePlugin
[18:05:24] [INFO] example.js#3: TerraFirmaGreg the best modpack in the world :)
[18:05:24] [INFO] Loaded script client_scripts:example.js in 0.001 s
[18:05:24] [INFO] Loaded 1/1 KubeJS client scripts in 0.019 s with 0 errors and 0 warnings
[18:05:46] [INFO] Client resource reload complete!
